# JRE version: OpenJDK Runtime Environment Microsoft-13106358 (17.0.18+8) (build 17.0.18+8-LTS)
# Java VM: OpenJDK 64-Bit Server VM Microsoft-13106358 (17.0.18+8-LTS, mixed mode, sharing, tiered, compressed oops, compressed class ptrs, g1 gc, windows-amd64)
GC Precious Log:
 CPUs: 4 total, 4 available
 Memory: 8134M
 Large Page Support: Disabled
 NUMA Support: Disabled
 Compressed Oops: Enabled (32-bit)
 Heap Region Size: 1M
 Heap Min Capacity: 8M
 Heap Initial Capacity: 128M
 Heap Max Capacity: 2G
 Pre-touch: Disabled
 Parallel Workers: 4
 Concurrent Workers: 1
 Concurrent Refinement Workers: 4
 Periodic GC: Disabled
Heap:
 garbage-first heap   total 398336K, used 304518K [0x0000000080000000, 0x0000000100000000)
  region size 1024K, 130 young (133120K), 7 survivors (7168K)
 Metaspace       used 164560K, committed 165504K, reserved 1245184K
  class space    used 21091K, committed 21568K, reserved 1048576K
GC Heap History (20 events):
Event: 35.672 GC heap before
{Heap before GC invocations=54 (full 0):
 garbage-first heap   total 331776K, used 291457K [0x0000000080000000, 0x0000000100000000)
  region size 1024K, 116 young (118784K), 6 survivors (6144K)
 Metaspace       used 158039K, committed 158848K, reserved 1245184K
  class space    used 20298K, committed 20736K, reserved 1048576K
}
Event: 35.679 GC heap after
{Heap after GC invocations=55 (full 0):
 garbage-first heap   total 331776K, used 178235K [0x0000000080000000, 0x0000000100000000)
  region size 1024K, 5 young (5120K), 5 survivors (5120K)
 Metaspace       used 158039K, committed 158848K, reserved 1245184K
  class space    used 20298K, committed 20736K, reserved 1048576K
}
Event: 35.893 GC heap before
{Heap before GC invocations=55 (full 0):
 garbage-first heap   total 331776K, used 289851K [0x0000000080000000, 0x0000000100000000)
  region size 1024K, 115 young (117760K), 5 survivors (5120K)
 Metaspace       used 158039K, committed 158848K, reserved 1245184K
  class space    used 20298K, committed 20736K, reserved 1048576K
}
Event: 35.899 GC heap after
{Heap after GC invocations=56 (full 0):
 garbage-first heap   total 398336K, used 179126K [0x0000000080000000, 0x0000000100000000)
  region size 1024K, 6 young (6144K), 6 survivors (6144K)
 Metaspace       used 158039K, committed 158848K, reserved 1245184K
  class space    used 20298K, committed 20736K, reserved 1048576K
}
Event: 36.457 GC heap before
{Heap before GC invocations=56 (full 0):
 garbage-first heap   total 398336K, used 341942K [0x0000000080000000, 0x0000000100000000)
  region size 1024K, 165 young (168960K), 6 survivors (6144K)
 Metaspace       used 158045K, committed 158848K, reserved 1245184K
  class space    used 20298K, committed 20736K, reserved 1048576K
}
Event: 36.463 GC heap after
{Heap after GC invocations=57 (full 0):
 garbage-first heap   total 398336K, used 179782K [0x0000000080000000, 0x0000000100000000)
  region size 1024K, 7 young (7168K), 7 survivors (7168K)
 Metaspace       used 158045K, committed 158848K, reserved 1245184K
  class space    used 20298K, committed 20736K, reserved 1048576K
}
Event: 39.110 GC heap before
{Heap before GC invocations=57 (full 0):
 garbage-first heap   total 398336K, used 344646K [0x0000000080000000, 0x0000000100000000)
  region size 1024K, 168 young (172032K), 7 survivors (7168K)
 Metaspace       used 164054K, committed 164864K, reserved 1245184K
  class space    used 21041K, committed 21440K, reserved 1048576K
}
Event: 39.114 GC heap after
{Heap after GC invocations=58 (full 0):
 garbage-first heap   total 398336K, used 176835K [0x0000000080000000, 0x0000000100000000)
  region size 1024K, 6 young (6144K), 6 survivors (6144K)
 Metaspace       used 164054K, committed 164864K, reserved 1245184K
  class space    used 21041K, committed 21440K, reserved 1048576K
}
Event: 40.347 GC heap before
{Heap before GC invocations=58 (full 0):
 garbage-first heap   total 398336K, used 343747K [0x0000000080000000, 0x0000000100000000)
  region size 1024K, 169 young (173056K), 6 survivors (6144K)
 Metaspace       used 164059K, committed 164864K, reserved 1245184K
  class space    used 21041K, committed 21440K, reserved 1048576K
}
Event: 40.353 GC heap after
{Heap after GC invocations=59 (full 0):
 garbage-first heap   total 398336K, used 178862K [0x0000000080000000, 0x0000000100000000)
  region size 1024K, 8 young (8192K), 8 survivors (8192K)
 Metaspace       used 164059K, committed 164864K, reserved 1245184K
  class space    used 21041K, committed 21440K, reserved 1048576K
}
Event: 41.047 GC heap before
{Heap before GC invocations=59 (full 0):
 garbage-first heap   total 398336K, used 344750K [0x0000000080000000, 0x0000000100000000)
  region size 1024K, 170 young (174080K), 8 survivors (8192K)
 Metaspace       used 164059K, committed 164864K, reserved 1245184K
  class space    used 21041K, committed 21440K, reserved 1048576K
}
Event: 41.053 GC heap after
{Heap after GC invocations=60 (full 0):
 garbage-first heap   total 398336K, used 180560K [0x0000000080000000, 0x0000000100000000)
  region size 1024K, 9 young (9216K), 9 survivors (9216K)
 Metaspace       used 164059K, committed 164864K, reserved 1245184K
  class space    used 21041K, committed 21440K, reserved 1048576K
}
Event: 42.538 GC heap before
{Heap before GC invocations=60 (full 0):
 garbage-first heap   total 398336K, used 345424K [0x0000000080000000, 0x0000000100000000)
  region size 1024K, 171 young (175104K), 9 survivors (9216K)
 Metaspace       used 164539K, committed 165440K, reserved 1245184K
  class space    used 21091K, committed 21568K, reserved 1048576K
}
Event: 42.543 GC heap after
{Heap after GC invocations=61 (full 0):
 garbage-first heap   total 398336K, used 177352K [0x0000000080000000, 0x0000000100000000)
  region size 1024K, 6 young (6144K), 6 survivors (6144K)
 Metaspace       used 164539K, committed 165440K, reserved 1245184K
  class space    used 21091K, committed 21568K, reserved 1048576K
}
Event: 42.758 GC heap before
{Heap before GC invocations=61 (full 0):
 garbage-first heap   total 398336K, used 346312K [0x0000000080000000, 0x0000000100000000)
  region size 1024K, 172 young (176128K), 6 survivors (6144K)
 Metaspace       used 164540K, committed 165440K, reserved 1245184K
  class space    used 21091K, committed 21568K, reserved 1048576K
}
Event: 42.764 GC heap after
{Heap after GC invocations=62 (full 0):
 garbage-first heap   total 398336K, used 179448K [0x0000000080000000, 0x0000000100000000)
  region size 1024K, 8 young (8192K), 8 survivors (8192K)
 Metaspace       used 164540K, committed 165440K, reserved 1245184K
  class space    used 21091K, committed 21568K, reserved 1048576K
}
Event: 42.943 GC heap before
{Heap before GC invocations=62 (full 0):
 garbage-first heap   total 398336K, used 347384K [0x0000000080000000, 0x0000000100000000)
  region size 1024K, 173 young (177152K), 8 survivors (8192K)
 Metaspace       used 164552K, committed 165504K, reserved 1245184K
  class space    used 21091K, committed 21568K, reserved 1048576K
}
Event: 42.950 GC heap after
{Heap after GC invocations=63 (full 0):
 garbage-first heap   total 398336K, used 181142K [0x0000000080000000, 0x0000000100000000)
  region size 1024K, 9 young (9216K), 9 survivors (9216K)
 Metaspace       used 164552K, committed 165504K, reserved 1245184K
  class space    used 21091K, committed 21568K, reserved 1048576K
}
Event: 43.187 GC heap before
{Heap before GC invocations=63 (full 0):
 garbage-first heap   total 398336K, used 352150K [0x0000000080000000, 0x0000000100000000)
  region size 1024K, 172 young (176128K), 9 survivors (9216K)
 Metaspace       used 164560K, committed 165504K, reserved 1245184K
  class space    used 21091K, committed 21568K, reserved 1048576K
}
Event: 43.191 GC heap after
{Heap after GC invocations=64 (full 0):
 garbage-first heap   total 398336K, used 180614K [0x0000000080000000, 0x0000000100000000)
  region size 1024K, 7 young (7168K), 7 survivors (7168K)
 Metaspace       used 164560K, committed 165504K, reserved 1245184K
  class space    used 21091K, committed 21568K, reserved 1048576K
}

